<?xml version="1.0" encoding="UTF-8"?>
<testng-results skipped="0" failed="0" total="1" passed="1">
  <reporter-output>
  </reporter-output>
  <suite name="Default suite" duration-ms="23433" started-at="2019-03-26T07:06:44Z" finished-at="2019-03-26T07:07:08Z">
    <groups>
    </groups>
    <test name="Default test" duration-ms="23433" started-at="2019-03-26T07:06:44Z" finished-at="2019-03-26T07:07:08Z">
      <class name="selenium.Topic_11_UploadFile">
        <test-method status="PASS" signature="beforeClass()[pri:0, instance:selenium.Topic_11_UploadFile@2ac1fdc4]" name="beforeClass" is-config="true" duration-ms="5716" started-at="2019-03-26T14:06:44Z" finished-at="2019-03-26T14:06:50Z">
          <reporter-output>
          </reporter-output>
        </test-method> <!-- beforeClass -->
        <test-method status="PASS" signature="TC_05_UploadFileBai04()[pri:0, instance:selenium.Topic_11_UploadFile@2ac1fdc4]" name="TC_05_UploadFileBai04" duration-ms="17150" started-at="2019-03-26T14:06:50Z" finished-at="2019-03-26T14:07:07Z">
          <reporter-output>
          </reporter-output>
        </test-method> <!-- TC_05_UploadFileBai04 -->
        <test-method status="PASS" signature="afterClass()[pri:0, instance:selenium.Topic_11_UploadFile@2ac1fdc4]" name="afterClass" is-config="true" duration-ms="558" started-at="2019-03-26T14:07:07Z" finished-at="2019-03-26T14:07:08Z">
          <reporter-output>
          </reporter-output>
        </test-method> <!-- afterClass -->
      </class> <!-- selenium.Topic_11_UploadFile -->
    </test> <!-- Default test -->
  </suite> <!-- Default suite -->
</testng-results>
