<?xml version="1.0" encoding="UTF-8"?>
<testng-results skipped="0" failed="0" total="3" passed="3">
  <reporter-output>
  </reporter-output>
  <suite name="Default suite" duration-ms="8610" started-at="2019-01-23T17:03:22Z" finished-at="2019-01-23T17:03:30Z">
    <groups>
    </groups>
    <test name="Default test" duration-ms="8610" started-at="2019-01-23T17:03:22Z" finished-at="2019-01-23T17:03:30Z">
      <class name="selenium.Topic_01_Setup_Enviroment">
        <test-method status="PASS" signature="beforeClass()[pri:0, instance:selenium.Topic_01_Setup_Enviroment@c39f790]" name="beforeClass" is-config="true" duration-ms="8271" started-at="2019-01-24T00:03:22Z" finished-at="2019-01-24T00:03:30Z">
          <reporter-output>
          </reporter-output>
        </test-method> <!-- beforeClass -->
        <test-method status="PASS" signature="TC_01()[pri:0, instance:selenium.Topic_01_Setup_Enviroment@c39f790]" name="TC_01" duration-ms="11" started-at="2019-01-24T00:03:30Z" finished-at="2019-01-24T00:03:30Z">
          <reporter-output>
          </reporter-output>
        </test-method> <!-- TC_01 -->
        <test-method status="PASS" signature="TC_02_CheckTitle()[pri:0, instance:selenium.Topic_01_Setup_Enviroment@c39f790]" name="TC_02_CheckTitle" duration-ms="7" started-at="2019-01-24T00:03:30Z" finished-at="2019-01-24T00:03:30Z">
          <reporter-output>
          </reporter-output>
        </test-method> <!-- TC_02_CheckTitle -->
        <test-method status="PASS" signature="TC_03_Homepage_logo_Displayed()[pri:0, instance:selenium.Topic_01_Setup_Enviroment@c39f790]" name="TC_03_Homepage_logo_Displayed" duration-ms="59" started-at="2019-01-24T00:03:30Z" finished-at="2019-01-24T00:03:30Z">
          <reporter-output>
          </reporter-output>
        </test-method> <!-- TC_03_Homepage_logo_Displayed -->
        <test-method status="PASS" signature="afterClass()[pri:0, instance:selenium.Topic_01_Setup_Enviroment@c39f790]" name="afterClass" is-config="true" duration-ms="249" started-at="2019-01-24T00:03:30Z" finished-at="2019-01-24T00:03:30Z">
          <reporter-output>
          </reporter-output>
        </test-method> <!-- afterClass -->
      </class> <!-- selenium.Topic_01_Setup_Enviroment -->
    </test> <!-- Default test -->
  </suite> <!-- Default suite -->
</testng-results>
